<?xml version="1.0" encoding="UTF-8"?>
<testng-results ignored="0" total="1" passed="1" failed="0" skipped="0">
  <reporter-output>
  </reporter-output>
  <suite started-at="2024-08-04T19:14:16 IST" name="Default suite" finished-at="2024-08-04T19:14:16 IST" duration-ms="93">
    <groups>
    </groups>
    <test started-at="2024-08-04T19:14:16 IST" name="Default test" finished-at="2024-08-04T19:14:16 IST" duration-ms="93">
      <class name="AmazonLoginSel.TestlogTest">
        <test-method signature="f()[pri:0, instance:AmazonLoginSel.TestlogTest@7205765b]" started-at="2024-08-04T19:14:16 IST" name="f" finished-at="2024-08-04T19:14:16 IST" duration-ms="24" status="PASS">
          <reporter-output>
          </reporter-output>
        </test-method> <!-- f -->
      </class> <!-- AmazonLoginSel.TestlogTest -->
    </test> <!-- Default test -->
  </suite> <!-- Default suite -->
</testng-results>
